<?xml version="1.0" encoding="UTF-8"?>
<testsuite name="example.cashcard.CashCardApplicationTests" tests="1" skipped="0" failures="0" errors="0" timestamp="2025-05-03T20:49:21.818Z" hostname="maia" time="0.94">
  <properties/>
  <testcase name="contextLoads()" classname="example.cashcard.CashCardApplicationTests" time="0.94"/>
  <system-out><![CDATA[17:49:19.672 [Test worker] INFO org.springframework.test.context.support.AnnotationConfigContextLoaderUtils -- Could not detect default configuration classes for test class [example.cashcard.CashCardApplicationTests]: CashCardApplicationTests does not declare any static, non-private, non-final, nested classes annotated with @Configuration.
17:49:19.832 [Test worker] INFO org.springframework.boot.test.context.SpringBootTestContextBootstrapper -- Found @SpringBootConfiguration example.cashcard.CashCardApplication for test class example.cashcard.CashCardApplicationTests

  .   ____          _            __ _ _
 /\\ / ___'_ __ _ _(_)_ __  __ _ \ \ \ \
( ( )\___ | '_ | '_| | '_ \/ _` | \ \ \ \
 \\/  ___)| |_)| | | | | || (_| |  ) ) ) )
  '  |____| .__|_| |_|_| |_\__, | / / / /
 =========|_|==============|___/=/_/_/_/

 :: Spring Boot ::                (v3.4.5)

2025-05-03T17:49:20.399-03:00  INFO 60552 --- [CashCard] [    Test worker] e.cashcard.CashCardApplicationTests      : Starting CashCardApplicationTests using Java 17.0.14 with PID 60552 (started by maia in /home/maia/Projetos/ProjetoAPICashCard)
2025-05-03T17:49:20.402-03:00  INFO 60552 --- [CashCard] [    Test worker] e.cashcard.CashCardApplicationTests      : No active profile set, falling back to 1 default profile: "default"
2025-05-03T17:49:21.802-03:00  INFO 60552 --- [CashCard] [    Test worker] e.cashcard.CashCardApplicationTests      : Started CashCardApplicationTests in 1.773 seconds (process running for 3.339)
]]></system-out>
  <system-err><![CDATA[]]></system-err>
</testsuite>
