<?xml version="1.0" encoding="UTF-8"?>
<testsuite name="example.cashcard.CashCardJsonTest" tests="2" skipped="0" failures="0" errors="0" timestamp="2025-05-03T20:49:22.988Z" hostname="maia" time="0.249">
  <properties/>
  <testcase name="cashCardSerializationTest()" classname="example.cashcard.CashCardJsonTest" time="0.194"/>
  <testcase name="cashCardDeserializationTest()" classname="example.cashcard.CashCardJsonTest" time="0.052"/>
  <system-out><![CDATA[2025-05-03T17:49:22.775-03:00  INFO 60552 --- [CashCard] [    Test worker] t.c.s.AnnotationConfigContextLoaderUtils : Could not detect default configuration classes for test class [example.cashcard.CashCardJsonTest]: CashCardJsonTest does not declare any static, non-private, non-final, nested classes annotated with @Configuration.
2025-05-03T17:49:22.802-03:00  INFO 60552 --- [CashCard] [    Test worker] .b.t.c.SpringBootTestContextBootstrapper : Found @SpringBootConfiguration example.cashcard.CashCardApplication for test class example.cashcard.CashCardJsonTest

  .   ____          _            __ _ _
 /\\ / ___'_ __ _ _(_)_ __  __ _ \ \ \ \
( ( )\___ | '_ | '_| | '_ \/ _` | \ \ \ \
 \\/  ___)| |_)| | | | | || (_| |  ) ) ) )
  '  |____| .__|_| |_|_| |_\__, | / / / /
 =========|_|==============|___/=/_/_/_/

 :: Spring Boot ::                (v3.4.5)

2025-05-03T17:49:22.843-03:00  INFO 60552 --- [CashCard] [    Test worker] example.cashcard.CashCardJsonTest        : Starting CashCardJsonTest using Java 17.0.14 with PID 60552 (started by maia in /home/maia/Projetos/ProjetoAPICashCard)
2025-05-03T17:49:22.843-03:00  INFO 60552 --- [CashCard] [    Test worker] example.cashcard.CashCardJsonTest        : No active profile set, falling back to 1 default profile: "default"
2025-05-03T17:49:22.974-03:00  INFO 60552 --- [CashCard] [    Test worker] example.cashcard.CashCardJsonTest        : Started CashCardJsonTest in 0.167 seconds (process running for 4.511)
]]></system-out>
  <system-err><![CDATA[]]></system-err>
</testsuite>
